2022-04-29 19:47:48,819 ERROR: Exception on /edit_random/1 [POST] [in C:\Users\owner\U更\A02_final-master\venv\lib\site-packages\flask\app.py:1457]
Traceback (most recent call last):
  File "C:\Users\owner\U更\A02_final-master\venv\lib\site-packages\flask\app.py", line 2073, in wsgi_app
    response = self.full_dispatch_request()
  File "C:\Users\owner\U更\A02_final-master\venv\lib\site-packages\flask\app.py", line 1518, in full_dispatch_request
    rv = self.handle_user_exception(e)
  File "C:\Users\owner\U更\A02_final-master\venv\lib\site-packages\flask\app.py", line 1516, in full_dispatch_request
    rv = self.dispatch_request()
  File "C:\Users\owner\U更\A02_final-master\venv\lib\site-packages\flask\app.py", line 1502, in dispatch_request
    return self.ensure_sync(self.view_functions[rule.endpoint])(**req.view_args)
  File "C:\Users\owner\U更\A02_final-master\venv\lib\site-packages\flask_login\utils.py", line 261, in decorated_view
    return func(*args, **kwargs)
  File "C:\Users\owner\U更\A02_final-master\app\main\routes.py", line 715, in edit_random
    return redirect(url_for('main.Random'))
  File "C:\Users\owner\U更\A02_final-master\venv\lib\site-packages\flask\helpers.py", line 338, in url_for
    return appctx.app.handle_url_build_error(error, endpoint, values)
  File "C:\Users\owner\U更\A02_final-master\venv\lib\site-packages\flask\helpers.py", line 325, in url_for
    rv = url_adapter.build(
  File "C:\Users\owner\U更\A02_final-master\venv\lib\site-packages\werkzeug\routing.py", line 2315, in build
    raise BuildError(endpoint, values, method, self)
werkzeug.routing.BuildError: Could not build url for endpoint 'main.Random'. Did you mean 'main.random' instead?
2022-04-29 19:48:45,060 INFO: Microblog startup [in C:\Users\owner\U更\A02_final-master\app\__init__.py:74]
2022-04-29 19:50:38,343 INFO: Microblog startup [in C:\Users\owner\U更\A02_final-master\app\__init__.py:74]
2022-04-29 20:01:20,752 INFO: Microblog startup [in C:\Users\owner\U更\A02_final-master\app\__init__.py:74]
